app/build/intermediates/manifest_merge_blame_file/debug/manifest-merger-blame-debug-report.txt
1<?xml version="1.0" encoding="utf-8"?>
2<manifest xmlns:android="http://schemas.android.com/apk/res/android"
3    package="com.example.myapplication"
4    android:versionCode="1"
5    android:versionName="1.0" >
6
7    <uses-sdk
8        android:minSdkVersion="21"
8-->src\main\AndroidManifest.xml
9        android:targetSdkVersion="30" />
9-->src\main\AndroidManifest.xml
10
11    <!--
12         The ACCESS_COARSE/FINE_LOCATION permissions are not required to use
13         Google Maps Android API v2, but you must specify either coarse or fine
14         location permissions for the "MyLocation" functionality.
15    -->
16    <uses-permission android:name="android.permission.ACCESS_FINE_LOCATION" />
16-->src\main\AndroidManifest.xml:10:5-79
16-->src\main\AndroidManifest.xml:10:22-76
17    <uses-permission android:name="android.permission.ACCESS_NETWORK_STATE" />
17-->src\main\AndroidManifest.xml:11:5-79
17-->src\main\AndroidManifest.xml:11:22-76
18    <uses-permission android:name="android.permission.ACCESS_BACKGROUND_LOCATION" />
18-->src\main\AndroidManifest.xml:12:5-85
18-->src\main\AndroidManifest.xml:12:22-82
19    <uses-permission android:name="android.permission.INTERNET" />
19-->src\main\AndroidManifest.xml:13:5-67
19-->src\main\AndroidManifest.xml:13:22-64
20    <uses-permission android:name="android.permission.WAKE_LOCK" />
20-->src\main\AndroidManifest.xml:14:5-68
20-->src\main\AndroidManifest.xml:14:22-65
21    <uses-permission android:name="android.permission.WAKE_LOCK" />
21-->src\main\AndroidManifest.xml:14:5-68
21-->src\main\AndroidManifest.xml:14:22-65
22    <uses-permission android:name="android.permission.WRITE_EXTERNAL_STORAGE" />
22-->src\main\AndroidManifest.xml:16:5-81
22-->src\main\AndroidManifest.xml:16:22-78
23    <uses-permission android:name="com.google.android.providers.gsf.permission.READ_GSERVICES" />
23-->src\main\AndroidManifest.xml:17:5-98
23-->src\main\AndroidManifest.xml:17:22-95
24    <uses-permission android:name="android.permission.ACCESS_COARSE_LOCATION" />
24-->src\main\AndroidManifest.xml:18:5-81
24-->src\main\AndroidManifest.xml:18:22-78
25    <uses-permission android:name="package_name.permission.MAPS_RECEIVE" />
25-->src\main\AndroidManifest.xml:19:5-76
25-->src\main\AndroidManifest.xml:19:22-73
26
27    <uses-feature
27-->[com.google.android.gms:play-services-maps:17.0.0] AndroidManifest.xml:26:5-28:35
28        android:glEsVersion="0x00020000"
28-->[com.google.android.gms:play-services-maps:17.0.0] AndroidManifest.xml:27:9-41
29        android:required="true" />
29-->[com.google.android.gms:play-services-maps:17.0.0] AndroidManifest.xml:28:9-32
30
31    <uses-permission android:name="com.google.android.finsky.permission.BIND_GET_INSTALL_REFERRER_SERVICE" />
31-->[com.google.android.gms:play-services-measurement:18.0.2] AndroidManifest.xml:26:5-110
31-->[com.google.android.gms:play-services-measurement:18.0.2] AndroidManifest.xml:26:22-107
32
33    <application
33-->src\main\AndroidManifest.xml:21:5-80:19
34        android:allowBackup="true"
34-->src\main\AndroidManifest.xml:22:9-35
35        android:appComponentFactory="androidx.core.app.CoreComponentFactory"
35-->[androidx.core:core:1.3.1] AndroidManifest.xml:24:18-86
36        android:debuggable="true"
37        android:icon="@mipmap/ic_launcher"
37-->src\main\AndroidManifest.xml:23:9-43
38        android:label="@string/app_name"
38-->src\main\AndroidManifest.xml:24:9-41
39        android:roundIcon="@mipmap/ic_launcher_round"
39-->src\main\AndroidManifest.xml:25:9-54
40        android:supportsRtl="true"
40-->src\main\AndroidManifest.xml:26:9-35
41        android:testOnly="true"
42        android:theme="@style/Theme.MyApplication"
42-->src\main\AndroidManifest.xml:27:9-51
43        android:usesCleartextTraffic="true" >
43-->src\main\AndroidManifest.xml:28:9-44
44
45        <!--
46             The API key for Google Maps-based APIs is defined as a string resource.
47             (See the file "res/values/google_maps_api.xml").
48             Note that the API key is linked to the encryption key used to sign the APK.
49             You need a different API key for each encryption key, including the release key that is used to
50             sign the APK for publishing.
51             You can define the keys for the debug and release targets in src/debug/ and src/release/.
52        -->
53        <meta-data
53-->src\main\AndroidManifest.xml:38:9-40:55
54            android:name="com.google.android.geo.API_KEY"
54-->src\main\AndroidManifest.xml:39:13-58
55            android:value="@string/google_maps_key" />
55-->src\main\AndroidManifest.xml:40:13-52
56
57        <activity
57-->src\main\AndroidManifest.xml:42:9-44:75
58            android:name="com.example.myapplication.activities.customer.CustomerInterfaceActivity"
58-->src\main\AndroidManifest.xml:43:13-74
59            android:label="@string/title_activity_customer_branch_list" />
59-->src\main\AndroidManifest.xml:44:13-72
60
61        <receiver
61-->src\main\AndroidManifest.xml:46:9-49:39
62            android:name="com.example.myapplication.activities.GeofenceBroadcastReceiver"
62-->src\main\AndroidManifest.xml:47:13-65
63            android:enabled="true"
63-->src\main\AndroidManifest.xml:48:13-35
64            android:exported="true" />
64-->src\main\AndroidManifest.xml:49:13-36
65
66        <activity
66-->src\main\AndroidManifest.xml:51:9-53:60
67            android:name="com.example.myapplication.activities.company.EditMapsActivity"
67-->src\main\AndroidManifest.xml:52:13-64
68            android:label="@string/title_activity_maps2" />
68-->src\main\AndroidManifest.xml:53:13-57
69        <!-- <activity -->
70        <!-- android:name=".activities.MapsActivity" -->
71        <!-- android:label="@string/title_activity_maps" /> -->
72        <activity android:name="com.example.myapplication.activities.ResetPassword" />
72-->src\main\AndroidManifest.xml:57:9-62
72-->src\main\AndroidManifest.xml:57:19-59
73        <activity android:name="com.example.myapplication.activities.RegisterCompanyActivity" />
73-->src\main\AndroidManifest.xml:58:9-72
73-->src\main\AndroidManifest.xml:58:19-69
74        <activity android:name="com.example.myapplication.activities.company.TicketPageActivity" />
74-->src\main\AndroidManifest.xml:59:9-75
74-->src\main\AndroidManifest.xml:59:19-72
75        <activity android:name="com.example.myapplication.activities.company.RestaurantPage" />
75-->src\main\AndroidManifest.xml:60:9-71
75-->src\main\AndroidManifest.xml:60:19-68
76        <activity android:name="com.example.myapplication.activities.ListPageActivity" />
76-->src\main\AndroidManifest.xml:61:9-65
76-->src\main\AndroidManifest.xml:61:19-62
77        <activity android:name="com.example.myapplication.activities.RegisterCustomerActivity" />
77-->src\main\AndroidManifest.xml:62:9-73
77-->src\main\AndroidManifest.xml:62:19-70
78        <activity android:name="com.example.myapplication.activities.LoginPageActivity" />
78-->src\main\AndroidManifest.xml:63:9-66
78-->src\main\AndroidManifest.xml:63:19-63
79        <activity android:name="com.example.myapplication.activities.MainLoadingPage" >
79-->src\main\AndroidManifest.xml:64:9-70:20
79-->src\main\AndroidManifest.xml:64:19-61
80            <intent-filter>
80-->src\main\AndroidManifest.xml:65:13-69:29
81                <action android:name="android.intent.action.MAIN" />
81-->src\main\AndroidManifest.xml:66:17-69
81-->src\main\AndroidManifest.xml:66:25-66
82
83                <category android:name="android.intent.category.LAUNCHER" />
83-->src\main\AndroidManifest.xml:68:17-77
83-->src\main\AndroidManifest.xml:68:27-74
84            </intent-filter>
85        </activity>
86        <activity android:name="com.example.myapplication.activities.company.EditBranchActivity" />
86-->src\main\AndroidManifest.xml:71:9-75
86-->src\main\AndroidManifest.xml:71:19-72
87        <activity android:name="com.example.myapplication.activities.company.AddBranchActivity" />
87-->src\main\AndroidManifest.xml:72:9-74
87-->src\main\AndroidManifest.xml:72:19-71
88        <activity android:name="com.example.myapplication.activities.Dialog" />
88-->src\main\AndroidManifest.xml:73:9-55
88-->src\main\AndroidManifest.xml:73:19-52
89        <activity android:name="com.example.myapplication.activities.BranchDetails" />
89-->src\main\AndroidManifest.xml:74:9-62
89-->src\main\AndroidManifest.xml:74:19-59
90        <activity android:name="com.example.myapplication.activities.company.CompanyBranchesActivity" />
90-->src\main\AndroidManifest.xml:75:9-80
90-->src\main\AndroidManifest.xml:75:19-77
91        <activity android:name="com.example.myapplication.activities.admin.Admin_Activity" />
91-->src\main\AndroidManifest.xml:76:9-69
91-->src\main\AndroidManifest.xml:76:19-66
92        <activity android:name="com.example.myapplication.activities.admin.CompanyControl" />
92-->src\main\AndroidManifest.xml:77:9-69
92-->src\main\AndroidManifest.xml:77:19-66
93
94        <service
94-->[com.google.firebase:firebase-database:19.7.0] AndroidManifest.xml:29:9-35:19
95            android:name="com.google.firebase.components.ComponentDiscoveryService"
95-->[com.google.firebase:firebase-database:19.7.0] AndroidManifest.xml:30:13-84
96            android:directBootAware="true"
96-->[com.google.firebase:firebase-common:19.5.0] AndroidManifest.xml:35:13-43
97            android:exported="false" >
97-->[com.google.firebase:firebase-database:19.7.0] AndroidManifest.xml:31:13-37
98            <meta-data
98-->[com.google.firebase:firebase-database:19.7.0] AndroidManifest.xml:32:13-34:85
99                android:name="com.google.firebase.components:com.google.firebase.database.DatabaseRegistrar"
99-->[com.google.firebase:firebase-database:19.7.0] AndroidManifest.xml:33:17-109
100                android:value="com.google.firebase.components.ComponentRegistrar" />
100-->[com.google.firebase:firebase-database:19.7.0] AndroidManifest.xml:34:17-82
101            <meta-data
101-->[com.google.firebase:firebase-auth:20.0.3] AndroidManifest.xml:77:13-79:85
102                android:name="com.google.firebase.components:com.google.firebase.auth.FirebaseAuthRegistrar"
102-->[com.google.firebase:firebase-auth:20.0.3] AndroidManifest.xml:78:17-109
103                android:value="com.google.firebase.components.ComponentRegistrar" />
103-->[com.google.firebase:firebase-auth:20.0.3] AndroidManifest.xml:79:17-82
104            <meta-data
104-->[com.google.android.gms:play-services-measurement-api:18.0.2] AndroidManifest.xml:30:13-32:85
105                android:name="com.google.firebase.components:com.google.firebase.analytics.connector.internal.AnalyticsConnectorRegistrar"
105-->[com.google.android.gms:play-services-measurement-api:18.0.2] AndroidManifest.xml:31:17-139
106                android:value="com.google.firebase.components.ComponentRegistrar" />
106-->[com.google.android.gms:play-services-measurement-api:18.0.2] AndroidManifest.xml:32:17-82
107            <meta-data
107-->[com.google.firebase:firebase-installations:16.3.5] AndroidManifest.xml:18:13-20:85
108                android:name="com.google.firebase.components:com.google.firebase.installations.FirebaseInstallationsRegistrar"
108-->[com.google.firebase:firebase-installations:16.3.5] AndroidManifest.xml:19:17-127
109                android:value="com.google.firebase.components.ComponentRegistrar" />
109-->[com.google.firebase:firebase-installations:16.3.5] AndroidManifest.xml:20:17-82
110            <!--
111                This registrar is not defined in the dynamic-module-support sdk itself to allow non-firebase
112                clients to use it as well, by defining this registrar in their own core/common library.
113            -->
114            <meta-data
114-->[com.google.firebase:firebase-common:19.5.0] AndroidManifest.xml:43:13-45:85
115                android:name="com.google.firebase.components:com.google.firebase.dynamicloading.DynamicLoadingRegistrar"
115-->[com.google.firebase:firebase-common:19.5.0] AndroidManifest.xml:44:17-121
116                android:value="com.google.firebase.components.ComponentRegistrar" />
116-->[com.google.firebase:firebase-common:19.5.0] AndroidManifest.xml:45:17-82
117        </service>
118
119        <activity
119-->[com.google.firebase:firebase-auth:20.0.3] AndroidManifest.xml:27:9-44:20
120            android:name="com.google.firebase.auth.internal.GenericIdpActivity"
120-->[com.google.firebase:firebase-auth:20.0.3] AndroidManifest.xml:28:13-80
121            android:excludeFromRecents="true"
121-->[com.google.firebase:firebase-auth:20.0.3] AndroidManifest.xml:29:13-46
122            android:exported="true"
122-->[com.google.firebase:firebase-auth:20.0.3] AndroidManifest.xml:30:13-36
123            android:launchMode="singleTask"
123-->[com.google.firebase:firebase-auth:20.0.3] AndroidManifest.xml:31:13-44
124            android:theme="@android:style/Theme.Translucent.NoTitleBar" >
124-->[com.google.firebase:firebase-auth:20.0.3] AndroidManifest.xml:32:13-72
125            <intent-filter>
125-->[com.google.firebase:firebase-auth:20.0.3] AndroidManifest.xml:33:13-43:29
126                <action android:name="android.intent.action.VIEW" />
126-->[com.google.firebase:firebase-auth:20.0.3] AndroidManifest.xml:34:17-69
126-->[com.google.firebase:firebase-auth:20.0.3] AndroidManifest.xml:34:25-66
127
128                <category android:name="android.intent.category.DEFAULT" />
128-->[com.google.firebase:firebase-auth:20.0.3] AndroidManifest.xml:36:17-76
128-->[com.google.firebase:firebase-auth:20.0.3] AndroidManifest.xml:36:27-73
129                <category android:name="android.intent.category.BROWSABLE" />
129-->[com.google.firebase:firebase-auth:20.0.3] AndroidManifest.xml:37:17-78
129-->[com.google.firebase:firebase-auth:20.0.3] AndroidManifest.xml:37:27-75
130
131                <data
131-->[com.google.firebase:firebase-auth:20.0.3] AndroidManifest.xml:39:17-42:51
132                    android:host="firebase.auth"
132-->[com.google.firebase:firebase-auth:20.0.3] AndroidManifest.xml:40:21-49
133                    android:path="/"
133-->[com.google.firebase:firebase-auth:20.0.3] AndroidManifest.xml:41:21-37
134                    android:scheme="genericidp" />
134-->[com.google.firebase:firebase-auth:20.0.3] AndroidManifest.xml:42:21-48
135            </intent-filter>
136        </activity>
137        <activity
137-->[com.google.firebase:firebase-auth:20.0.3] AndroidManifest.xml:45:9-62:20
138            android:name="com.google.firebase.auth.internal.RecaptchaActivity"
138-->[com.google.firebase:firebase-auth:20.0.3] AndroidManifest.xml:46:13-79
139            android:excludeFromRecents="true"
139-->[com.google.firebase:firebase-auth:20.0.3] AndroidManifest.xml:47:13-46
140            android:exported="true"
140-->[com.google.firebase:firebase-auth:20.0.3] AndroidManifest.xml:48:13-36
141            android:launchMode="singleTask"
141-->[com.google.firebase:firebase-auth:20.0.3] AndroidManifest.xml:49:13-44
142            android:theme="@android:style/Theme.Translucent.NoTitleBar" >
142-->[com.google.firebase:firebase-auth:20.0.3] AndroidManifest.xml:50:13-72
143            <intent-filter>
143-->[com.google.firebase:firebase-auth:20.0.3] AndroidManifest.xml:51:13-61:29
144                <action android:name="android.intent.action.VIEW" />
144-->[com.google.firebase:firebase-auth:20.0.3] AndroidManifest.xml:34:17-69
144-->[com.google.firebase:firebase-auth:20.0.3] AndroidManifest.xml:34:25-66
145
146                <category android:name="android.intent.category.DEFAULT" />
146-->[com.google.firebase:firebase-auth:20.0.3] AndroidManifest.xml:36:17-76
146-->[com.google.firebase:firebase-auth:20.0.3] AndroidManifest.xml:36:27-73
147                <category android:name="android.intent.category.BROWSABLE" />
147-->[com.google.firebase:firebase-auth:20.0.3] AndroidManifest.xml:37:17-78
147-->[com.google.firebase:firebase-auth:20.0.3] AndroidManifest.xml:37:27-75
148
149                <data
149-->[com.google.firebase:firebase-auth:20.0.3] AndroidManifest.xml:39:17-42:51
150                    android:host="firebase.auth"
150-->[com.google.firebase:firebase-auth:20.0.3] AndroidManifest.xml:40:21-49
151                    android:path="/"
151-->[com.google.firebase:firebase-auth:20.0.3] AndroidManifest.xml:41:21-37
152                    android:scheme="recaptcha" />
152-->[com.google.firebase:firebase-auth:20.0.3] AndroidManifest.xml:42:21-48
153            </intent-filter>
154        </activity>
155
156        <service
156-->[com.google.firebase:firebase-auth:20.0.3] AndroidManifest.xml:64:9-73:19
157            android:name="com.google.firebase.auth.api.fallback.service.FirebaseAuthFallbackService"
157-->[com.google.firebase:firebase-auth:20.0.3] AndroidManifest.xml:65:13-101
158            android:enabled="true"
158-->[com.google.firebase:firebase-auth:20.0.3] AndroidManifest.xml:66:13-35
159            android:exported="false" >
159-->[com.google.firebase:firebase-auth:20.0.3] AndroidManifest.xml:67:13-37
160            <intent-filter>
160-->[com.google.firebase:firebase-auth:20.0.3] AndroidManifest.xml:68:13-72:29
161                <action android:name="com.google.firebase.auth.api.gms.service.START" />
161-->[com.google.firebase:firebase-auth:20.0.3] AndroidManifest.xml:69:17-89
161-->[com.google.firebase:firebase-auth:20.0.3] AndroidManifest.xml:69:25-86
162
163                <category android:name="android.intent.category.DEFAULT" />
163-->[com.google.firebase:firebase-auth:20.0.3] AndroidManifest.xml:36:17-76
163-->[com.google.firebase:firebase-auth:20.0.3] AndroidManifest.xml:36:27-73
164            </intent-filter>
165        </service>
166
167        <activity
167-->[com.karumi:dexter:5.0.0] AndroidManifest.xml:27:9-29:72
168            android:name="com.karumi.dexter.DexterActivity"
168-->[com.karumi:dexter:5.0.0] AndroidManifest.xml:28:13-60
169            android:theme="@style/Dexter.Internal.Theme.Transparent" /> <!-- Needs to be explicitly declared on P+ -->
169-->[com.karumi:dexter:5.0.0] AndroidManifest.xml:29:13-69
170        <uses-library
170-->[com.google.android.gms:play-services-maps:17.0.0] AndroidManifest.xml:33:9-35:40
171            android:name="org.apache.http.legacy"
171-->[com.google.android.gms:play-services-maps:17.0.0] AndroidManifest.xml:34:13-50
172            android:required="false" />
172-->[com.google.android.gms:play-services-maps:17.0.0] AndroidManifest.xml:35:13-37
173
174        <activity
174-->[com.google.android.gms:play-services-base:17.5.0] AndroidManifest.xml:23:9-26:75
175            android:name="com.google.android.gms.common.api.GoogleApiActivity"
175-->[com.google.android.gms:play-services-base:17.5.0] AndroidManifest.xml:24:13-79
176            android:exported="false"
176-->[com.google.android.gms:play-services-base:17.5.0] AndroidManifest.xml:25:13-37
177            android:theme="@android:style/Theme.Translucent.NoTitleBar" />
177-->[com.google.android.gms:play-services-base:17.5.0] AndroidManifest.xml:26:13-72
178
179        <receiver
179-->[com.google.android.gms:play-services-measurement:18.0.2] AndroidManifest.xml:29:9-33:20
180            android:name="com.google.android.gms.measurement.AppMeasurementReceiver"
180-->[com.google.android.gms:play-services-measurement:18.0.2] AndroidManifest.xml:30:13-85
181            android:enabled="true"
181-->[com.google.android.gms:play-services-measurement:18.0.2] AndroidManifest.xml:31:13-35
182            android:exported="false" >
182-->[com.google.android.gms:play-services-measurement:18.0.2] AndroidManifest.xml:32:13-37
183        </receiver>
184
185        <service
185-->[com.google.android.gms:play-services-measurement:18.0.2] AndroidManifest.xml:35:9-38:40
186            android:name="com.google.android.gms.measurement.AppMeasurementService"
186-->[com.google.android.gms:play-services-measurement:18.0.2] AndroidManifest.xml:36:13-84
187            android:enabled="true"
187-->[com.google.android.gms:play-services-measurement:18.0.2] AndroidManifest.xml:37:13-35
188            android:exported="false" />
188-->[com.google.android.gms:play-services-measurement:18.0.2] AndroidManifest.xml:38:13-37
189        <service
189-->[com.google.android.gms:play-services-measurement:18.0.2] AndroidManifest.xml:39:9-43:72
190            android:name="com.google.android.gms.measurement.AppMeasurementJobService"
190-->[com.google.android.gms:play-services-measurement:18.0.2] AndroidManifest.xml:40:13-87
191            android:enabled="true"
191-->[com.google.android.gms:play-services-measurement:18.0.2] AndroidManifest.xml:41:13-35
192            android:exported="false"
192-->[com.google.android.gms:play-services-measurement:18.0.2] AndroidManifest.xml:42:13-37
193            android:permission="android.permission.BIND_JOB_SERVICE" />
193-->[com.google.android.gms:play-services-measurement:18.0.2] AndroidManifest.xml:43:13-69
194
195        <provider
195-->[com.google.firebase:firebase-common:19.5.0] AndroidManifest.xml:26:9-31:39
196            android:name="com.google.firebase.provider.FirebaseInitProvider"
196-->[com.google.firebase:firebase-common:19.5.0] AndroidManifest.xml:27:13-77
197            android:authorities="com.example.myapplication.firebaseinitprovider"
197-->[com.google.firebase:firebase-common:19.5.0] AndroidManifest.xml:28:13-72
198            android:directBootAware="true"
198-->[com.google.firebase:firebase-common:19.5.0] AndroidManifest.xml:29:13-43
199            android:exported="false"
199-->[com.google.firebase:firebase-common:19.5.0] AndroidManifest.xml:30:13-37
200            android:initOrder="100" />
200-->[com.google.firebase:firebase-common:19.5.0] AndroidManifest.xml:31:13-36
201
202        <meta-data
202-->[com.google.android.gms:play-services-basement:17.5.0] AndroidManifest.xml:23:9-25:69
203            android:name="com.google.android.gms.version"
203-->[com.google.android.gms:play-services-basement:17.5.0] AndroidManifest.xml:24:13-58
204            android:value="@integer/google_play_services_version" />
204-->[com.google.android.gms:play-services-basement:17.5.0] AndroidManifest.xml:25:13-66
205    </application>
206
207</manifest>